# JRE version: OpenJDK Runtime Environment Microsoft-10800295 (17.0.14+7) (build 17.0.14+7-LTS)
# Java VM: OpenJDK 64-Bit Server VM Microsoft-10800295 (17.0.14+7-LTS, mixed mode, sharing, tiered, compressed oops, compressed class ptrs, g1 gc, windows-amd64)
GC Precious Log:
 CPUs: 8 total, 8 available
 Memory: 7918M
 Large Page Support: Disabled
 NUMA Support: Disabled
 Compressed Oops: Enabled (32-bit)
 Heap Region Size: 1M
 Heap Min Capacity: 8M
 Heap Initial Capacity: 124M
 Heap Max Capacity: 2G
 Pre-touch: Disabled
 Parallel Workers: 8
 Concurrent Workers: 2
 Concurrent Refinement Workers: 8
 Periodic GC: Disabled
Heap:
 garbage-first heap   total 89088K, used 61584K [0x0000000080000000, 0x0000000100000000)
  region size 1024K, 29 young (29696K), 5 survivors (5120K)
 Metaspace       used 50286K, committed 50816K, reserved 491520K
  class space    used 6921K, committed 7168K, reserved 425984K
GC Heap History (20 events):
Event: 2.048 GC heap before
{Heap before GC invocations=1 (full 0):
 garbage-first heap   total 126976K, used 38537K [0x0000000080000000, 0x0000000100000000)
  region size 1024K, 34 young (34816K), 3 survivors (3072K)
 Metaspace       used 4346K, committed 4544K, reserved 491520K
  class space    used 544K, committed 640K, reserved 425984K
}
Event: 2.059 GC heap after
{Heap after GC invocations=2 (full 0):
 garbage-first heap   total 126976K, used 11246K [0x0000000080000000, 0x0000000100000000)
  region size 1024K, 4 young (4096K), 4 survivors (4096K)
 Metaspace       used 4346K, committed 4544K, reserved 491520K
  class space    used 544K, committed 640K, reserved 425984K
}
Event: 2.682 GC heap before
{Heap before GC invocations=2 (full 0):
 garbage-first heap   total 126976K, used 56302K [0x0000000080000000, 0x0000000100000000)
  region size 1024K, 46 young (47104K), 4 survivors (4096K)
 Metaspace       used 4583K, committed 4800K, reserved 491520K
  class space    used 563K, committed 640K, reserved 425984K
}
Event: 2.692 GC heap after
{Heap after GC invocations=3 (full 0):
 garbage-first heap   total 126976K, used 16981K [0x0000000080000000, 0x0000000100000000)
  region size 1024K, 5 young (5120K), 5 survivors (5120K)
 Metaspace       used 4583K, committed 4800K, reserved 491520K
  class space    used 563K, committed 640K, reserved 425984K
}
Event: 8.650 GC heap before
{Heap before GC invocations=3 (full 0):
 garbage-first heap   total 126976K, used 87637K [0x0000000080000000, 0x0000000100000000)
  region size 1024K, 74 young (75776K), 5 survivors (5120K)
 Metaspace       used 16553K, committed 16832K, reserved 491520K
  class space    used 2312K, committed 2432K, reserved 425984K
}
Event: 8.668 GC heap after
{Heap after GC invocations=4 (full 0):
 garbage-first heap   total 126976K, used 22010K [0x0000000080000000, 0x0000000100000000)
  region size 1024K, 10 young (10240K), 10 survivors (10240K)
 Metaspace       used 16553K, committed 16832K, reserved 491520K
  class space    used 2312K, committed 2432K, reserved 425984K
}
Event: 11.280 GC heap before
{Heap before GC invocations=4 (full 0):
 garbage-first heap   total 126976K, used 61946K [0x0000000080000000, 0x0000000100000000)
  region size 1024K, 50 young (51200K), 10 survivors (10240K)
 Metaspace       used 21179K, committed 21504K, reserved 491520K
  class space    used 3076K, committed 3264K, reserved 425984K
}
Event: 11.296 GC heap after
{Heap after GC invocations=5 (full 0):
 garbage-first heap   total 126976K, used 24921K [0x0000000080000000, 0x0000000100000000)
  region size 1024K, 3 young (3072K), 3 survivors (3072K)
 Metaspace       used 21179K, committed 21504K, reserved 491520K
  class space    used 3076K, committed 3264K, reserved 425984K
}
Event: 15.334 GC heap before
{Heap before GC invocations=6 (full 0):
 garbage-first heap   total 89088K, used 74073K [0x0000000080000000, 0x0000000100000000)
  region size 1024K, 52 young (53248K), 3 survivors (3072K)
 Metaspace       used 29427K, committed 29824K, reserved 491520K
  class space    used 4081K, committed 4288K, reserved 425984K
}
Event: 15.346 GC heap after
{Heap after GC invocations=7 (full 0):
 garbage-first heap   total 89088K, used 28642K [0x0000000080000000, 0x0000000100000000)
  region size 1024K, 7 young (7168K), 7 survivors (7168K)
 Metaspace       used 29427K, committed 29824K, reserved 491520K
  class space    used 4081K, committed 4288K, reserved 425984K
}
Event: 17.348 GC heap before
{Heap before GC invocations=7 (full 0):
 garbage-first heap   total 89088K, used 70626K [0x0000000080000000, 0x0000000100000000)
  region size 1024K, 43 young (44032K), 7 survivors (7168K)
 Metaspace       used 32579K, committed 33024K, reserved 491520K
  class space    used 4488K, committed 4672K, reserved 425984K
}
Event: 17.360 GC heap after
{Heap after GC invocations=8 (full 0):
 garbage-first heap   total 89088K, used 31136K [0x0000000080000000, 0x0000000100000000)
  region size 1024K, 4 young (4096K), 4 survivors (4096K)
 Metaspace       used 32579K, committed 33024K, reserved 491520K
  class space    used 4488K, committed 4672K, reserved 425984K
}
Event: 18.748 GC heap before
{Heap before GC invocations=8 (full 0):
 garbage-first heap   total 89088K, used 57760K [0x0000000080000000, 0x0000000100000000)
  region size 1024K, 31 young (31744K), 4 survivors (4096K)
 Metaspace       used 35591K, committed 35968K, reserved 491520K
  class space    used 4940K, committed 5120K, reserved 425984K
}
Event: 18.756 GC heap after
{Heap after GC invocations=9 (full 0):
 garbage-first heap   total 89088K, used 32765K [0x0000000080000000, 0x0000000100000000)
  region size 1024K, 2 young (2048K), 2 survivors (2048K)
 Metaspace       used 35591K, committed 35968K, reserved 491520K
  class space    used 4940K, committed 5120K, reserved 425984K
}
Event: 19.618 GC heap before
{Heap before GC invocations=10 (full 0):
 garbage-first heap   total 89088K, used 68605K [0x0000000080000000, 0x0000000100000000)
  region size 1024K, 36 young (36864K), 2 survivors (2048K)
 Metaspace       used 38100K, committed 38592K, reserved 491520K
  class space    used 5222K, committed 5440K, reserved 425984K
}
Event: 19.628 GC heap after
{Heap after GC invocations=11 (full 0):
 garbage-first heap   total 89088K, used 33450K [0x0000000080000000, 0x0000000100000000)
  region size 1024K, 3 young (3072K), 3 survivors (3072K)
 Metaspace       used 38100K, committed 38592K, reserved 491520K
  class space    used 5222K, committed 5440K, reserved 425984K
}
Event: 23.171 GC heap before
{Heap before GC invocations=11 (full 0):
 garbage-first heap   total 89088K, used 69290K [0x0000000080000000, 0x0000000100000000)
  region size 1024K, 38 young (38912K), 3 survivors (3072K)
 Metaspace       used 40935K, committed 41472K, reserved 491520K
  class space    used 5669K, committed 5888K, reserved 425984K
}
Event: 23.180 GC heap after
{Heap after GC invocations=12 (full 0):
 garbage-first heap   total 89088K, used 35099K [0x0000000080000000, 0x0000000100000000)
  region size 1024K, 4 young (4096K), 4 survivors (4096K)
 Metaspace       used 40935K, committed 41472K, reserved 491520K
  class space    used 5669K, committed 5888K, reserved 425984K
}
Event: 26.371 GC heap before
{Heap before GC invocations=12 (full 0):
 garbage-first heap   total 89088K, used 69915K [0x0000000080000000, 0x0000000100000000)
  region size 1024K, 38 young (38912K), 4 survivors (4096K)
 Metaspace       used 46230K, committed 46720K, reserved 491520K
  class space    used 6342K, committed 6592K, reserved 425984K
}
Event: 26.383 GC heap after
{Heap after GC invocations=13 (full 0):
 garbage-first heap   total 89088K, used 38032K [0x0000000080000000, 0x0000000100000000)
  region size 1024K, 5 young (5120K), 5 survivors (5120K)
 Metaspace       used 46230K, committed 46720K, reserved 491520K
  class space    used 6342K, committed 6592K, reserved 425984K
}

