# JRE version: OpenJDK Runtime Environment Microsoft-10800295 (17.0.14+7) (build 17.0.14+7-LTS)
# Java VM: OpenJDK 64-Bit Server VM Microsoft-10800295 (17.0.14+7-LTS, mixed mode, sharing, tiered, compressed oops, compressed class ptrs, g1 gc, windows-amd64)
GC Precious Log:
 CPUs: 8 total, 8 available
 Memory: 7918M
 Large Page Support: Disabled
 NUMA Support: Disabled
 Compressed Oops: Enabled (32-bit)
 Heap Region Size: 1M
 Heap Min Capacity: 8M
 Heap Initial Capacity: 124M
 Heap Max Capacity: 2G
 Pre-touch: Disabled
 Parallel Workers: 8
 Concurrent Workers: 2
 Concurrent Refinement Workers: 8
 Periodic GC: Disabled
Heap:
 garbage-first heap   total 126976K, used 67703K [0x0000000080000000, 0x0000000100000000)
  region size 1024K, 3 young (3072K), 3 survivors (3072K)
 Metaspace       used 70044K, committed 70848K, reserved 491520K
  class space    used 9900K, committed 10304K, reserved 425984K
GC Heap History (20 events):
Event: 660.874 GC heap after
{Heap after GC invocations=16 (full 0):
 garbage-first heap   total 110592K, used 54309K [0x0000000080000000, 0x0000000100000000)
  region size 1024K, 4 young (4096K), 4 survivors (4096K)
 Metaspace       used 55139K, committed 55808K, reserved 491520K
  class space    used 7699K, committed 8000K, reserved 425984K
}
Event: 661.814 GC heap before
{Heap before GC invocations=16 (full 0):
 garbage-first heap   total 110592K, used 89125K [0x0000000080000000, 0x0000000100000000)
  region size 1024K, 38 young (38912K), 4 survivors (4096K)
 Metaspace       used 58342K, committed 59072K, reserved 491520K
  class space    used 8157K, committed 8512K, reserved 425984K
}
Event: 661.828 GC heap after
{Heap after GC invocations=17 (full 0):
 garbage-first heap   total 110592K, used 55929K [0x0000000080000000, 0x0000000100000000)
  region size 1024K, 2 young (2048K), 2 survivors (2048K)
 Metaspace       used 58342K, committed 59072K, reserved 491520K
  class space    used 8157K, committed 8512K, reserved 425984K
}
Event: 662.437 GC heap before
{Heap before GC invocations=18 (full 0):
 garbage-first heap   total 110592K, used 89721K [0x0000000080000000, 0x0000000100000000)
  region size 1024K, 36 young (36864K), 2 survivors (2048K)
 Metaspace       used 60730K, committed 61376K, reserved 491520K
  class space    used 8511K, committed 8832K, reserved 425984K
}
Event: 662.443 GC heap after
{Heap after GC invocations=19 (full 0):
 garbage-first heap   total 110592K, used 56914K [0x0000000080000000, 0x0000000100000000)
  region size 1024K, 3 young (3072K), 3 survivors (3072K)
 Metaspace       used 60730K, committed 61376K, reserved 491520K
  class space    used 8511K, committed 8832K, reserved 425984K
}
Event: 662.501 GC heap before
{Heap before GC invocations=19 (full 0):
 garbage-first heap   total 110592K, used 58962K [0x0000000080000000, 0x0000000100000000)
  region size 1024K, 5 young (5120K), 3 survivors (3072K)
 Metaspace       used 61091K, committed 61888K, reserved 491520K
  class space    used 8564K, committed 8960K, reserved 425984K
}
Event: 662.505 GC heap after
{Heap after GC invocations=20 (full 0):
 garbage-first heap   total 110592K, used 57146K [0x0000000080000000, 0x0000000100000000)
  region size 1024K, 1 young (1024K), 1 survivors (1024K)
 Metaspace       used 61091K, committed 61888K, reserved 491520K
  class space    used 8564K, committed 8960K, reserved 425984K
}
Event: 662.898 GC heap before
{Heap before GC invocations=20 (full 0):
 garbage-first heap   total 110592K, used 81722K [0x0000000080000000, 0x0000000100000000)
  region size 1024K, 26 young (26624K), 1 survivors (1024K)
 Metaspace       used 62965K, committed 63744K, reserved 491520K
  class space    used 8892K, committed 9280K, reserved 425984K
}
Event: 662.903 GC heap after
{Heap after GC invocations=21 (full 0):
 garbage-first heap   total 110592K, used 57658K [0x0000000080000000, 0x0000000100000000)
  region size 1024K, 1 young (1024K), 1 survivors (1024K)
 Metaspace       used 62965K, committed 63744K, reserved 491520K
  class space    used 8892K, committed 9280K, reserved 425984K
}
Event: 663.394 GC heap before
{Heap before GC invocations=22 (full 0):
 garbage-first heap   total 110592K, used 95546K [0x0000000080000000, 0x0000000100000000)
  region size 1024K, 35 young (35840K), 1 survivors (1024K)
 Metaspace       used 64720K, committed 65472K, reserved 491520K
  class space    used 9158K, committed 9536K, reserved 425984K
}
Event: 663.398 GC heap after
{Heap after GC invocations=23 (full 0):
 garbage-first heap   total 110592K, used 62053K [0x0000000080000000, 0x0000000100000000)
  region size 1024K, 3 young (3072K), 3 survivors (3072K)
 Metaspace       used 64720K, committed 65472K, reserved 491520K
  class space    used 9158K, committed 9536K, reserved 425984K
}
Event: 663.441 GC heap before
{Heap before GC invocations=23 (full 0):
 garbage-first heap   total 110592K, used 64101K [0x0000000080000000, 0x0000000100000000)
  region size 1024K, 5 young (5120K), 3 survivors (3072K)
 Metaspace       used 64892K, committed 65664K, reserved 491520K
  class space    used 9189K, committed 9600K, reserved 425984K
}
Event: 663.450 GC heap after
{Heap after GC invocations=24 (full 0):
 garbage-first heap   total 110592K, used 61917K [0x0000000080000000, 0x0000000100000000)
  region size 1024K, 1 young (1024K), 1 survivors (1024K)
 Metaspace       used 64892K, committed 65664K, reserved 491520K
  class space    used 9189K, committed 9600K, reserved 425984K
}
Event: 664.130 GC heap before
{Heap before GC invocations=24 (full 0):
 garbage-first heap   total 110592K, used 92637K [0x0000000080000000, 0x0000000100000000)
  region size 1024K, 31 young (31744K), 1 survivors (1024K)
 Metaspace       used 65980K, committed 66816K, reserved 491520K
  class space    used 9313K, committed 9728K, reserved 425984K
}
Event: 664.134 GC heap after
{Heap after GC invocations=25 (full 0):
 garbage-first heap   total 110592K, used 63621K [0x0000000080000000, 0x0000000100000000)
  region size 1024K, 3 young (3072K), 3 survivors (3072K)
 Metaspace       used 65980K, committed 66816K, reserved 491520K
  class space    used 9313K, committed 9728K, reserved 425984K
}
Event: 664.893 GC heap before
{Heap before GC invocations=26 (full 0):
 garbage-first heap   total 112640K, used 91269K [0x0000000080000000, 0x0000000100000000)
  region size 1024K, 31 young (31744K), 3 survivors (3072K)
 Metaspace       used 68015K, committed 68864K, reserved 491520K
  class space    used 9615K, committed 10048K, reserved 425984K
}
Event: 664.899 GC heap after
{Heap after GC invocations=27 (full 0):
 garbage-first heap   total 112640K, used 65773K [0x0000000080000000, 0x0000000100000000)
  region size 1024K, 4 young (4096K), 4 survivors (4096K)
 Metaspace       used 68015K, committed 68864K, reserved 491520K
  class space    used 9615K, committed 10048K, reserved 425984K
}
Event: 664.909 GC heap before
{Heap before GC invocations=27 (full 0):
 garbage-first heap   total 112640K, used 66797K [0x0000000080000000, 0x0000000100000000)
  region size 1024K, 5 young (5120K), 4 survivors (4096K)
 Metaspace       used 68025K, committed 68864K, reserved 491520K
  class space    used 9616K, committed 10048K, reserved 425984K
}
Event: 664.927 GC heap after
{Heap after GC invocations=28 (full 0):
 garbage-first heap   total 112640K, used 65900K [0x0000000080000000, 0x0000000100000000)
  region size 1024K, 1 young (1024K), 1 survivors (1024K)
 Metaspace       used 68025K, committed 68864K, reserved 491520K
  class space    used 9616K, committed 10048K, reserved 425984K
}
Event: 665.502 GC heap before
{Heap before GC invocations=28 (full 0):
 garbage-first heap   total 112640K, used 94572K [0x0000000080000000, 0x0000000100000000)
  region size 1024K, 29 young (29696K), 1 survivors (1024K)
 Metaspace       used 70044K, committed 70848K, reserved 491520K
  class space    used 9900K, committed 10304K, reserved 425984K
}

